Using pre-set license
Built from '2020.3/staging' branch; Version is '2020.3.22f1 (e1a7f79fd887) revision 14788599'; Using compiler version '192528614'; Build Type 'Release'
OS: 'Windows 10 Home Single Language; OS build 22000.376; Version 2009; 64bit' Language: 'en' Physical Memory: 6091 MB
BatchMode: 1, IsHumanControllingUs: 0, StartBugReporterOnCrash: 0, Is64bit: 1, IsPro: 0

COMMAND LINE ARGUMENTS:
C:\Program Files\Unity\Hub\Editor\2020.3.22f1\Editor\Unity.exe
-adb2
-batchMode
-noUpm
-name
AssetImportWorker0
-projectPath
E:/cs222/lab5/lab5.1
-logFile
Logs/AssetImportWorker0.log
-srvPort
58038
Successfully changed project path to: E:/cs222/lab5/lab5.1
E:/cs222/lab5/lab5.1
Using Asset Import Pipeline V2.
Refreshing native plugins compatible for Editor in 52.44 ms, found 2 plugins.
Preloading 0 native plugins for Editor in 0.00 ms.
Initialize engine version: 2020.3.22f1 (e1a7f79fd887)
[Subsystems] Discovering subsystems at path C:/Program Files/Unity/Hub/Editor/2020.3.22f1/Editor/Data/Resources/UnitySubsystems
[Subsystems] Discovering subsystems at path E:/cs222/lab5/lab5.1/Assets
GfxDevice: creating device client; threaded=0
Direct3D:
    Version:  Direct3D 11.0 [level 11.1]
    Renderer: NVIDIA GeForce GTX 1050 (ID=0x1c92)
    Vendor:   
    VRAM:     4021 MB
    Driver:   30.0.14.9729
Initialize mono
Mono path[0] = 'C:/Program Files/Unity/Hub/Editor/2020.3.22f1/Editor/Data/Managed'
Mono path[1] = 'C:/Program Files/Unity/Hub/Editor/2020.3.22f1/Editor/Data/MonoBleedingEdge/lib/mono/unityjit'
Mono config path = 'C:/Program Files/Unity/Hub/Editor/2020.3.22f1/Editor/Data/MonoBleedingEdge/etc'
Using monoOptions --debugger-agent=transport=dt_socket,embedding=1,server=y,suspend=n,address=127.0.0.1:56464
Begin MonoManager ReloadAssembly
Registering precompiled unity dll's ...
Register platform support module: C:/Program Files/Unity/Hub/Editor/2020.3.22f1/Editor/Data/PlaybackEngines/WebGLSupport/UnityEditor.WebGL.Extensions.dll
Register platform support module: C:/Program Files/Unity/Hub/Editor/2020.3.22f1/Editor/Data/PlaybackEngines/WindowsStandaloneSupport/UnityEditor.WindowsStandalone.Extensions.dll
Registered in 0.002679 seconds.
Native extension for WindowsStandalone target not found
Native extension for WebGL target not found
Refreshing native plugins compatible for Editor in 56.00 ms, found 2 plugins.
Preloading 0 native plugins for Editor in 0.00 ms.
Mono: successfully reloaded assembly
- Completed reload, in  6.277 seconds
Domain Reload Profiling:
	ReloadAssembly (6278ms)
		BeginReloadAssembly (80ms)
			ExecutionOrderSort (0ms)
			DisableScriptedObjects (0ms)
			BackupInstance (0ms)
			ReleaseScriptingObjects (0ms)
			CreateAndSetChildDomain (1ms)
		EndReloadAssembly (952ms)
			LoadAssemblies (78ms)
			RebuildTransferFunctionScriptingTraits (0ms)
			SetupTypeCache (336ms)
			ReleaseScriptCaches (0ms)
			RebuildScriptCaches (98ms)
			SetupLoadedEditorAssemblies (281ms)
				LogAssemblyErrors (0ms)
				InitializePlatformSupportModulesInManaged (9ms)
				SetLoadedEditorAssemblies (1ms)
				RefreshPlugins (56ms)
				BeforeProcessingInitializeOnLoad (23ms)
				ProcessInitializeOnLoadAttributes (142ms)
				ProcessInitializeOnLoadMethodAttributes (50ms)
				AfterProcessingInitializeOnLoad (0ms)
				EditorAssembliesLoaded (0ms)
			ExecutionOrderSort2 (0ms)
			AwakeInstancesAfterBackupRestoration (0ms)
Platform modules already initialized, skipping
Registering precompiled user dll's ...
Registered in 0.007181 seconds.
Begin MonoManager ReloadAssembly
Native extension for WindowsStandalone target not found
Native extension for WebGL target not found
Refreshing native plugins compatible for Editor in 0.47 ms, found 2 plugins.
Preloading 0 native plugins for Editor in 0.00 ms.
Mono: successfully reloaded assembly
- Completed reload, in  2.441 seconds
Domain Reload Profiling:
	ReloadAssembly (2443ms)
		BeginReloadAssembly (230ms)
			ExecutionOrderSort (0ms)
			DisableScriptedObjects (7ms)
			BackupInstance (0ms)
			ReleaseScriptingObjects (0ms)
			CreateAndSetChildDomain (30ms)
		EndReloadAssembly (2095ms)
			LoadAssemblies (145ms)
			RebuildTransferFunctionScriptingTraits (0ms)
			SetupTypeCache (550ms)
			ReleaseScriptCaches (1ms)
			RebuildScriptCaches (65ms)
			SetupLoadedEditorAssemblies (1196ms)
				LogAssemblyErrors (0ms)
				InitializePlatformSupportModulesInManaged (9ms)
				SetLoadedEditorAssemblies (1ms)
				RefreshPlugins (1ms)
				BeforeProcessingInitializeOnLoad (120ms)
				ProcessInitializeOnLoadAttributes (287ms)
				ProcessInitializeOnLoadMethodAttributes (769ms)
				AfterProcessingInitializeOnLoad (10ms)
				EditorAssembliesLoaded (0ms)
			ExecutionOrderSort2 (0ms)
			AwakeInstancesAfterBackupRestoration (10ms)
Platform modules already initialized, skipping
========================================================================
Worker process is ready to serve import requests
Launched and connected shader compiler UnityShaderCompiler.exe after 0.09 seconds
Refreshing native plugins compatible for Editor in 0.52 ms, found 2 plugins.
Preloading 0 native plugins for Editor in 0.00 ms.
Unloading 1534 Unused Serialized files (Serialized files now loaded: 0)
System memory in use before: 69.4 MB.
System memory in use after: 69.4 MB.

Unloading 21 unused Assets to reduce memory usage. Loaded Objects now: 1990.
Total: 4.788800 ms (FindLiveObjects: 0.210200 ms CreateObjectMapping: 0.043900 ms MarkObjects: 4.435500 ms  DeleteObjects: 0.097400 ms)

AssetImportParameters requested are different than current active one (requested -> active):
  custom:framework-win-MediaFoundation: 216162199b28c13a410421893ffa2e32 -> 
  custom:video-decoder-ogg-theora: a1e56fd34408186e4bbccfd4996cb3dc -> 
  custom:container-muxer-webm: aa71ff27fc2769a1b78a27578f13a17b -> 
  custom:container-demuxer-webm: 4f35f7cbe854078d1ac9338744f61a02 -> 
  custom:container-demuxer-ogg: 62fdf1f143b41e24485cea50d1cbac27 -> 
  custom:video-encoder-webm-vp8: eb34c28f22e8b96e1ab97ce403110664 -> 
  custom:video-decoder-webm-vp8: 9c59270c3fd7afecdb556c50c9e8de78 -> 
  custom:audio-decoder-ogg-vorbis: bf7c407c2cedff20999df2af8eb42d56 -> 
  custom:audio-encoder-webm-vorbis: bf7c407c2cedff20999df2af8eb42d56 -> 
========================================================================
Received Import Request.
  path: Assets/BehaviorBricks
  artifactKey: Guid(8e398ca5647ce1e4d88cda8f653c4d3d) Importer(815301076,1909f56bfc062723c751e8b465ee728b)
Start importing Assets/BehaviorBricks using Guid(8e398ca5647ce1e4d88cda8f653c4d3d) Importer(815301076,1909f56bfc062723c751e8b465ee728b)  -> (artifact id: 'fed0db7cac42dce577e7ce8d909c5736') in 0.014881 seconds 
  Import took 0.018175 seconds .

========================================================================
Received Import Request.
  Time since last request: 31.121127 seconds.
  path: Assets/BehaviorBricks/ClickAndGo.asset
  artifactKey: Guid(84d4cd01d3cbce9419c4edc8cb291367) Importer(815301076,1909f56bfc062723c751e8b465ee728b)
Start importing Assets/BehaviorBricks/ClickAndGo.asset using Guid(84d4cd01d3cbce9419c4edc8cb291367) Importer(815301076,1909f56bfc062723c751e8b465ee728b) DeserializeNextElement: Viene otra cosa: EndElement. Terminamos -> (artifact id: 'dd05d6e12f1b8352118a329a17814411') in 0.092285 seconds 
  Import took 0.098200 seconds .

========================================================================
Received Import Request.
  Time since last request: 0.000564 seconds.
  path: Assets/BehaviorBricks/Wander.asset
  artifactKey: Guid(042c14e6b50b84d47bac3033b5ed3f88) Importer(815301076,1909f56bfc062723c751e8b465ee728b)
Start importing Assets/BehaviorBricks/Wander.asset using Guid(042c14e6b50b84d47bac3033b5ed3f88) Importer(815301076,1909f56bfc062723c751e8b465ee728b)  -> (artifact id: '7f1798d2e9df81b7d9a341c9cb448fa4') in 0.018829 seconds 
  Import took 0.023224 seconds .

========================================================================
Received Import Request.
  Time since last request: 1020.211167 seconds.
  path: Assets/New Material.mat
  artifactKey: Guid(09ab2dc607824184c8bc6ad62813597b) Importer(815301076,1909f56bfc062723c751e8b465ee728b)
Start importing Assets/New Material.mat using Guid(09ab2dc607824184c8bc6ad62813597b) Importer(815301076,1909f56bfc062723c751e8b465ee728b)  -> (artifact id: '51f6bf570fe44acbd5b705af64f0b2fe') in 0.211155 seconds 
  Import took 0.242112 seconds .

========================================================================
Received Import Request.
  Time since last request: 0.561397 seconds.
  path: Assets/New Material 1.mat
  artifactKey: Guid(d4670eed42d8f93478d4f1b0325214c7) Importer(815301076,1909f56bfc062723c751e8b465ee728b)
Start importing Assets/New Material 1.mat using Guid(d4670eed42d8f93478d4f1b0325214c7) Importer(815301076,1909f56bfc062723c751e8b465ee728b)  -> (artifact id: 'ed9cf949c60112ecb8316802a2a3e6c7') in 0.032915 seconds 
  Import took 0.038127 seconds .

========================================================================
Received Import Request.
  Time since last request: 0.562101 seconds.
  path: Assets
  artifactKey: Guid(00000000000000001000000000000000) Importer(815301076,1909f56bfc062723c751e8b465ee728b)
Start importing Assets using Guid(00000000000000001000000000000000) Importer(815301076,1909f56bfc062723c751e8b465ee728b)  -> (artifact id: '42d402b061de3733987d63b9cc3b64de') in 0.021741 seconds 
  Import took 0.026362 seconds .

========================================================================
Received Import Request.
  Time since last request: 3.485184 seconds.
  path: Assets/New Material 2.mat
  artifactKey: Guid(f8b3e4eee181eb14cb17676becef01de) Importer(815301076,1909f56bfc062723c751e8b465ee728b)
Start importing Assets/New Material 2.mat using Guid(f8b3e4eee181eb14cb17676becef01de) Importer(815301076,1909f56bfc062723c751e8b465ee728b)  -> (artifact id: 'db65203f61282c1cbdbaa3bc1941c022') in 0.034158 seconds 
  Import took 0.039309 seconds .

========================================================================
Received Import Request.
  Time since last request: 9.483652 seconds.
  path: Assets/red.mat
  artifactKey: Guid(d4670eed42d8f93478d4f1b0325214c7) Importer(815301076,1909f56bfc062723c751e8b465ee728b)
Start importing Assets/red.mat using Guid(d4670eed42d8f93478d4f1b0325214c7) Importer(815301076,1909f56bfc062723c751e8b465ee728b)  -> (artifact id: 'b61ab7ad3c12a1b7c761881506999cce') in 0.027995 seconds 
  Import took 0.033490 seconds .

========================================================================
Received Import Request.
  Time since last request: 3.666338 seconds.
  path: Assets/green.mat
  artifactKey: Guid(09ab2dc607824184c8bc6ad62813597b) Importer(815301076,1909f56bfc062723c751e8b465ee728b)
Start importing Assets/green.mat using Guid(09ab2dc607824184c8bc6ad62813597b) Importer(815301076,1909f56bfc062723c751e8b465ee728b)  -> (artifact id: '3d528b7853f1f46da96d36dad96dd6c0') in 0.024493 seconds 
  Import took 0.029583 seconds .

========================================================================
Received Import Request.
  Time since last request: 4.252268 seconds.
  path: Assets/blue.mat
  artifactKey: Guid(f8b3e4eee181eb14cb17676becef01de) Importer(815301076,1909f56bfc062723c751e8b465ee728b)
Start importing Assets/blue.mat using Guid(f8b3e4eee181eb14cb17676becef01de) Importer(815301076,1909f56bfc062723c751e8b465ee728b)  -> (artifact id: '91d8223ca4ff9a7b8bbec471aab235ec') in 0.025642 seconds 
  Import took 0.030892 seconds .

========================================================================
Received Import Request.
  Time since last request: 1158.464994 seconds.
  path: Assets/blue.mat
  artifactKey: Guid(f8b3e4eee181eb14cb17676becef01de) Importer(815301076,1909f56bfc062723c751e8b465ee728b)
Start importing Assets/blue.mat using Guid(f8b3e4eee181eb14cb17676becef01de) Importer(815301076,1909f56bfc062723c751e8b465ee728b)  -> (artifact id: '074fddff9ed8d8e3cfb08f49bab3874f') in 0.040295 seconds 
  Import took 0.045193 seconds .

========================================================================
Received Import Request.
  Time since last request: 0.000306 seconds.
  path: Assets/red.mat
  artifactKey: Guid(d4670eed42d8f93478d4f1b0325214c7) Importer(815301076,1909f56bfc062723c751e8b465ee728b)
Start importing Assets/red.mat using Guid(d4670eed42d8f93478d4f1b0325214c7) Importer(815301076,1909f56bfc062723c751e8b465ee728b)  -> (artifact id: '2e27f11826bc586a9c8da172b556905b') in 0.029195 seconds 
  Import took 0.033020 seconds .

========================================================================
Received Import Request.
  Time since last request: 0.000267 seconds.
  path: Assets/green.mat
  artifactKey: Guid(09ab2dc607824184c8bc6ad62813597b) Importer(815301076,1909f56bfc062723c751e8b465ee728b)
Start importing Assets/green.mat using Guid(09ab2dc607824184c8bc6ad62813597b) Importer(815301076,1909f56bfc062723c751e8b465ee728b)  -> (artifact id: '3155b4f5e30218c410bdd988d93c2976') in 0.021829 seconds 
  Import took 0.026032 seconds .

========================================================================
Received Import Request.
  Time since last request: 0.000283 seconds.
  path: Assets/Wander.asset
  artifactKey: Guid(b2ca6a3249377e940bf4e9bad2b7cfab) Importer(815301076,1909f56bfc062723c751e8b465ee728b)
Start importing Assets/Wander.asset using Guid(b2ca6a3249377e940bf4e9bad2b7cfab) Importer(815301076,1909f56bfc062723c751e8b465ee728b)  -> (artifact id: '57a7736b4d67254a01745076557f7f61') in 0.021027 seconds 
  Import took 0.026752 seconds .

========================================================================
Received Import Request.
  Time since last request: 517.213342 seconds.
  path: Assets/Wander.asset
  artifactKey: Guid(b2ca6a3249377e940bf4e9bad2b7cfab) Importer(815301076,1909f56bfc062723c751e8b465ee728b)
Start importing Assets/Wander.asset using Guid(b2ca6a3249377e940bf4e9bad2b7cfab) Importer(815301076,1909f56bfc062723c751e8b465ee728b)  -> (artifact id: 'e00701bc1ea45234851b91c88e8ce852') in 0.007339 seconds 
  Import took 0.012065 seconds .

========================================================================
Received Import Request.
  Time since last request: 55.368923 seconds.
  path: Assets/Wander.asset
  artifactKey: Guid(b2ca6a3249377e940bf4e9bad2b7cfab) Importer(815301076,1909f56bfc062723c751e8b465ee728b)
Start importing Assets/Wander.asset using Guid(b2ca6a3249377e940bf4e9bad2b7cfab) Importer(815301076,1909f56bfc062723c751e8b465ee728b)  -> (artifact id: '11a902948e56795ae821b487999d4dea') in 0.020489 seconds 
  Import took 0.024875 seconds .

========================================================================
Received Import Request.
  Time since last request: 91.239924 seconds.
  path: Assets/Wander.asset
  artifactKey: Guid(07d6ca06c6646c746a4f2da0e271bad9) Importer(815301076,1909f56bfc062723c751e8b465ee728b)
Start importing Assets/Wander.asset using Guid(07d6ca06c6646c746a4f2da0e271bad9) Importer(815301076,1909f56bfc062723c751e8b465ee728b)  -> (artifact id: '1160bbbbbb423dbe4b6f536f3dcbb52f') in 0.010429 seconds 
  Import took 0.015046 seconds .

========================================================================
Received Import Request.
  Time since last request: 153.833994 seconds.
  path: Assets/Wander.asset
  artifactKey: Guid(07d6ca06c6646c746a4f2da0e271bad9) Importer(815301076,1909f56bfc062723c751e8b465ee728b)
Start importing Assets/Wander.asset using Guid(07d6ca06c6646c746a4f2da0e271bad9) Importer(815301076,1909f56bfc062723c751e8b465ee728b)  -> (artifact id: '9bd62ed436e1c62106899c543132c3eb') in 0.007856 seconds 
  Import took 0.013032 seconds .

========================================================================
Received Import Request.
  Time since last request: 159.743994 seconds.
  path: Assets/Wander.asset
  artifactKey: Guid(07d6ca06c6646c746a4f2da0e271bad9) Importer(815301076,1909f56bfc062723c751e8b465ee728b)
Start importing Assets/Wander.asset using Guid(07d6ca06c6646c746a4f2da0e271bad9) Importer(815301076,1909f56bfc062723c751e8b465ee728b)  -> (artifact id: '510b3ff6317fdac1e03f336d41871bc6') in 0.010739 seconds 
  Import took 0.015721 seconds .

========================================================================
Received Import Request.
  Time since last request: 326.241491 seconds.
  path: Assets/BehaviorBricks/ClickAndGo.asset
  artifactKey: Guid(84d4cd01d3cbce9419c4edc8cb291367) Importer(815301076,1909f56bfc062723c751e8b465ee728b)
Start importing Assets/BehaviorBricks/ClickAndGo.asset using Guid(84d4cd01d3cbce9419c4edc8cb291367) Importer(815301076,1909f56bfc062723c751e8b465ee728b) DeserializeNextElement: Viene otra cosa: EndElement. Terminamos -> (artifact id: '34f8d04678d8aaa5956f6f3cd15c59b8') in 0.026062 seconds 
  Import took 0.033085 seconds .

========================================================================
Received Import Request.
  Time since last request: 4.765167 seconds.
  path: Assets/BehaviorBricks/BehaviorExecutor.cs
  artifactKey: Guid(422fb6956201c7944ae2113a1a53b0b8) Importer(815301076,1909f56bfc062723c751e8b465ee728b)
Start importing Assets/BehaviorBricks/BehaviorExecutor.cs using Guid(422fb6956201c7944ae2113a1a53b0b8) Importer(815301076,1909f56bfc062723c751e8b465ee728b)  -> (artifact id: '19a4061647beaa08f91ff3141eceb7ed') in 0.035214 seconds 
  Import took 0.040262 seconds .

========================================================================
Received Import Request.
  Time since last request: 82.808050 seconds.
  path: Assets/BehaviorBricks/Editor/Resources/Images/TreeViewController/Action_Icon_small.png
  artifactKey: Guid(dc26844c00bed13449a5d8a549f28bcc) Importer(815301076,1909f56bfc062723c751e8b465ee728b)
Start importing Assets/BehaviorBricks/Editor/Resources/Images/TreeViewController/Action_Icon_small.png using Guid(dc26844c00bed13449a5d8a549f28bcc) Importer(815301076,1909f56bfc062723c751e8b465ee728b)  -> (artifact id: '77bbf319c2fcd2353cb8d911758497a8') in 0.097407 seconds 
  Import took 0.102341 seconds .

========================================================================
Received Import Request.
  Time since last request: 0.000259 seconds.
  path: Assets/BehaviorBricks/Editor/Resources/Images/FreeTreeView/action_toolBox_hover.png
  artifactKey: Guid(0683b830ddf5c5f45b6304e2a84abd0e) Importer(815301076,1909f56bfc062723c751e8b465ee728b)
Start importing Assets/BehaviorBricks/Editor/Resources/Images/FreeTreeView/action_toolBox_hover.png using Guid(0683b830ddf5c5f45b6304e2a84abd0e) Importer(815301076,1909f56bfc062723c751e8b465ee728b)  -> (artifact id: '8367e0e24ad1e97262a48c796fad09c1') in 0.027119 seconds 
  Import took 0.032241 seconds .

========================================================================
Received Import Request.
  Time since last request: 0.000246 seconds.
  path: Assets/BehaviorBricks/Editor/Resources/Images/FreeTreeView/action_toolBox_main.png
  artifactKey: Guid(11d5f6af5d6d75b4986a2cb28e7cee3f) Importer(815301076,1909f56bfc062723c751e8b465ee728b)
Start importing Assets/BehaviorBricks/Editor/Resources/Images/FreeTreeView/action_toolBox_main.png using Guid(11d5f6af5d6d75b4986a2cb28e7cee3f) Importer(815301076,1909f56bfc062723c751e8b465ee728b)  -> (artifact id: '2cf0d72370b3d8ca23b73466c704648e') in 0.023428 seconds 
  Import took 0.028891 seconds .

========================================================================
Received Import Request.
  Time since last request: 237.887142 seconds.
  path: Assets/BehaviorBricks/Wander.asset
  artifactKey: Guid(042c14e6b50b84d47bac3033b5ed3f88) Importer(815301076,1909f56bfc062723c751e8b465ee728b)
Start importing Assets/BehaviorBricks/Wander.asset using Guid(042c14e6b50b84d47bac3033b5ed3f88) Importer(815301076,1909f56bfc062723c751e8b465ee728b)  -> (artifact id: '691299d40bb62145de3b72c529072c43') in 0.007040 seconds 
  Import took 0.013416 seconds .

========================================================================
Received Prepare
Registering precompiled user dll's ...
Registered in 0.008960 seconds.
Begin MonoManager ReloadAssembly
Native extension for WindowsStandalone target not found
Native extension for WebGL target not found
Refreshing native plugins compatible for Editor in 0.54 ms, found 2 plugins.
Preloading 0 native plugins for Editor in 0.00 ms.
Mono: successfully reloaded assembly
- Completed reload, in  2.298 seconds
Domain Reload Profiling:
	ReloadAssembly (2304ms)
		BeginReloadAssembly (840ms)
			ExecutionOrderSort (0ms)
			DisableScriptedObjects (57ms)
			BackupInstance (0ms)
			ReleaseScriptingObjects (0ms)
			CreateAndSetChildDomain (514ms)
		EndReloadAssembly (1344ms)
			LoadAssemblies (155ms)
			RebuildTransferFunctionScriptingTraits (0ms)
			SetupTypeCache (481ms)
			ReleaseScriptCaches (1ms)
			RebuildScriptCaches (64ms)
			SetupLoadedEditorAssemblies (466ms)
				LogAssemblyErrors (0ms)
				InitializePlatformSupportModulesInManaged (13ms)
				SetLoadedEditorAssemblies (2ms)
				RefreshPlugins (1ms)
				BeforeProcessingInitializeOnLoad (130ms)
				ProcessInitializeOnLoadAttributes (300ms)
				ProcessInitializeOnLoadMethodAttributes (12ms)
				AfterProcessingInitializeOnLoad (8ms)
				EditorAssembliesLoaded (0ms)
			ExecutionOrderSort2 (0ms)
			AwakeInstancesAfterBackupRestoration (12ms)
Platform modules already initialized, skipping
Refreshing native plugins compatible for Editor in 0.60 ms, found 2 plugins.
Preloading 0 native plugins for Editor in 0.00 ms.
Unloading 1482 Unused Serialized files (Serialized files now loaded: 0)
System memory in use before: 71.6 MB.
System memory in use after: 71.7 MB.

Unloading 61 unused Assets to reduce memory usage. Loaded Objects now: 1987.
Total: 7.468800 ms (FindLiveObjects: 0.416900 ms CreateObjectMapping: 0.074200 ms MarkObjects: 6.908900 ms  DeleteObjects: 0.065700 ms)

AssetImportParameters requested are different than current active one (requested -> active):
  custom:framework-win-MediaFoundation: 216162199b28c13a410421893ffa2e32 -> 
  custom:video-decoder-ogg-theora: a1e56fd34408186e4bbccfd4996cb3dc -> 
  custom:container-muxer-webm: aa71ff27fc2769a1b78a27578f13a17b -> 
  custom:container-demuxer-webm: 4f35f7cbe854078d1ac9338744f61a02 -> 
  custom:container-demuxer-ogg: 62fdf1f143b41e24485cea50d1cbac27 -> 
  custom:video-encoder-webm-vp8: eb34c28f22e8b96e1ab97ce403110664 -> 
  custom:video-decoder-webm-vp8: 9c59270c3fd7afecdb556c50c9e8de78 -> 
  custom:audio-decoder-ogg-vorbis: bf7c407c2cedff20999df2af8eb42d56 -> 
  custom:audio-encoder-webm-vorbis: bf7c407c2cedff20999df2af8eb42d56 -> 
========================================================================
Received Prepare
Registering precompiled user dll's ...
Registered in 0.006596 seconds.
Begin MonoManager ReloadAssembly
Native extension for WindowsStandalone target not found
Native extension for WebGL target not found
Refreshing native plugins compatible for Editor in 0.63 ms, found 2 plugins.
Preloading 0 native plugins for Editor in 0.00 ms.
Mono: successfully reloaded assembly
- Completed reload, in  2.471 seconds
Domain Reload Profiling:
	ReloadAssembly (2472ms)
		BeginReloadAssembly (181ms)
			ExecutionOrderSort (0ms)
			DisableScriptedObjects (7ms)
			BackupInstance (0ms)
			ReleaseScriptingObjects (0ms)
			CreateAndSetChildDomain (54ms)
		EndReloadAssembly (2178ms)
			LoadAssemblies (164ms)
			RebuildTransferFunctionScriptingTraits (0ms)
			SetupTypeCache (480ms)
			ReleaseScriptCaches (1ms)
			RebuildScriptCaches (89ms)
			SetupLoadedEditorAssemblies (1310ms)
				LogAssemblyErrors (0ms)
				InitializePlatformSupportModulesInManaged (12ms)
				SetLoadedEditorAssemblies (1ms)
				RefreshPlugins (1ms)
				BeforeProcessingInitializeOnLoad (138ms)
				ProcessInitializeOnLoadAttributes (327ms)
				ProcessInitializeOnLoadMethodAttributes (822ms)
				AfterProcessingInitializeOnLoad (9ms)
				EditorAssembliesLoaded (0ms)
			ExecutionOrderSort2 (0ms)
			AwakeInstancesAfterBackupRestoration (9ms)
Platform modules already initialized, skipping
Refreshing native plugins compatible for Editor in 0.53 ms, found 2 plugins.
Preloading 0 native plugins for Editor in 0.00 ms.
Unloading 1528 Unused Serialized files (Serialized files now loaded: 0)
System memory in use before: 72.6 MB.
System memory in use after: 72.7 MB.

Unloading 16 unused Assets to reduce memory usage. Loaded Objects now: 2036.
Total: 4.708800 ms (FindLiveObjects: 0.247400 ms CreateObjectMapping: 0.054300 ms MarkObjects: 4.378100 ms  DeleteObjects: 0.027400 ms)

AssetImportParameters requested are different than current active one (requested -> active):
  custom:framework-win-MediaFoundation: 216162199b28c13a410421893ffa2e32 -> 
  custom:video-decoder-ogg-theora: a1e56fd34408186e4bbccfd4996cb3dc -> 
  custom:container-muxer-webm: aa71ff27fc2769a1b78a27578f13a17b -> 
  custom:container-demuxer-webm: 4f35f7cbe854078d1ac9338744f61a02 -> 
  custom:container-demuxer-ogg: 62fdf1f143b41e24485cea50d1cbac27 -> 
  custom:video-encoder-webm-vp8: eb34c28f22e8b96e1ab97ce403110664 -> 
  custom:video-decoder-webm-vp8: 9c59270c3fd7afecdb556c50c9e8de78 -> 
  custom:audio-decoder-ogg-vorbis: bf7c407c2cedff20999df2af8eb42d56 -> 
  custom:audio-encoder-webm-vorbis: bf7c407c2cedff20999df2af8eb42d56 -> 
========================================================================
Received Import Request.
  Time since last request: 318.642792 seconds.
  path: Assets/Wander.asset
  artifactKey: Guid(07d6ca06c6646c746a4f2da0e271bad9) Importer(815301076,1909f56bfc062723c751e8b465ee728b)
Start importing Assets/Wander.asset using Guid(07d6ca06c6646c746a4f2da0e271bad9) Importer(815301076,1909f56bfc062723c751e8b465ee728b)  -> (artifact id: 'cdcab7b742aa15d43f214cc87be8c940') in 0.049931 seconds 
  Import took 0.055108 seconds .

========================================================================
Received Import Request.
  Time since last request: 380.328317 seconds.
  path: Assets/Wander.asset
  artifactKey: Guid(07d6ca06c6646c746a4f2da0e271bad9) Importer(815301076,1909f56bfc062723c751e8b465ee728b)
Start importing Assets/Wander.asset using Guid(07d6ca06c6646c746a4f2da0e271bad9) Importer(815301076,1909f56bfc062723c751e8b465ee728b)  -> (artifact id: '320a7f496299a93cb90116ca89e72b31') in 0.008201 seconds 
  Import took 0.012692 seconds .

========================================================================
Received Prepare
Registering precompiled user dll's ...
Registered in 0.005262 seconds.
Begin MonoManager ReloadAssembly
Native extension for WindowsStandalone target not found
Native extension for WebGL target not found
Refreshing native plugins compatible for Editor in 0.50 ms, found 2 plugins.
Preloading 0 native plugins for Editor in 0.00 ms.
Mono: successfully reloaded assembly
- Completed reload, in  2.292 seconds
Domain Reload Profiling:
	ReloadAssembly (2293ms)
		BeginReloadAssembly (165ms)
			ExecutionOrderSort (0ms)
			DisableScriptedObjects (6ms)
			BackupInstance (0ms)
			ReleaseScriptingObjects (0ms)
			CreateAndSetChildDomain (58ms)
		EndReloadAssembly (2028ms)
			LoadAssemblies (126ms)
			RebuildTransferFunctionScriptingTraits (0ms)
			SetupTypeCache (436ms)
			ReleaseScriptCaches (1ms)
			RebuildScriptCaches (63ms)
			SetupLoadedEditorAssemblies (1231ms)
				LogAssemblyErrors (0ms)
				InitializePlatformSupportModulesInManaged (9ms)
				SetLoadedEditorAssemblies (1ms)
				RefreshPlugins (1ms)
				BeforeProcessingInitializeOnLoad (145ms)
				ProcessInitializeOnLoadAttributes (291ms)
				ProcessInitializeOnLoadMethodAttributes (772ms)
				AfterProcessingInitializeOnLoad (12ms)
				EditorAssembliesLoaded (0ms)
			ExecutionOrderSort2 (0ms)
			AwakeInstancesAfterBackupRestoration (10ms)
Platform modules already initialized, skipping
Refreshing native plugins compatible for Editor in 0.52 ms, found 2 plugins.
Preloading 0 native plugins for Editor in 0.00 ms.
Unloading 1528 Unused Serialized files (Serialized files now loaded: 0)
System memory in use before: 72.6 MB.
System memory in use after: 72.7 MB.

Unloading 16 unused Assets to reduce memory usage. Loaded Objects now: 2038.
Total: 5.316400 ms (FindLiveObjects: 0.469700 ms CreateObjectMapping: 0.058600 ms MarkObjects: 4.757600 ms  DeleteObjects: 0.028600 ms)

AssetImportParameters requested are different than current active one (requested -> active):
  custom:framework-win-MediaFoundation: 216162199b28c13a410421893ffa2e32 -> 
  custom:video-decoder-ogg-theora: a1e56fd34408186e4bbccfd4996cb3dc -> 
  custom:container-muxer-webm: aa71ff27fc2769a1b78a27578f13a17b -> 
  custom:container-demuxer-webm: 4f35f7cbe854078d1ac9338744f61a02 -> 
  custom:container-demuxer-ogg: 62fdf1f143b41e24485cea50d1cbac27 -> 
  custom:video-encoder-webm-vp8: eb34c28f22e8b96e1ab97ce403110664 -> 
  custom:video-decoder-webm-vp8: 9c59270c3fd7afecdb556c50c9e8de78 -> 
  custom:audio-decoder-ogg-vorbis: bf7c407c2cedff20999df2af8eb42d56 -> 
  custom:audio-encoder-webm-vorbis: bf7c407c2cedff20999df2af8eb42d56 -> 
========================================================================
Received Prepare
Registering precompiled user dll's ...
Registered in 0.003696 seconds.
Begin MonoManager ReloadAssembly
Native extension for WindowsStandalone target not found
Native extension for WebGL target not found
Refreshing native plugins compatible for Editor in 0.56 ms, found 2 plugins.
Preloading 0 native plugins for Editor in 0.00 ms.
Mono: successfully reloaded assembly
- Completed reload, in  2.162 seconds
Domain Reload Profiling:
	ReloadAssembly (2162ms)
		BeginReloadAssembly (163ms)
			ExecutionOrderSort (0ms)
			DisableScriptedObjects (7ms)
			BackupInstance (0ms)
			ReleaseScriptingObjects (0ms)
			CreateAndSetChildDomain (61ms)
		EndReloadAssembly (1905ms)
			LoadAssemblies (116ms)
			RebuildTransferFunctionScriptingTraits (0ms)
			SetupTypeCache (402ms)
			ReleaseScriptCaches (1ms)
			RebuildScriptCaches (59ms)
			SetupLoadedEditorAssemblies (1189ms)
				LogAssemblyErrors (0ms)
				InitializePlatformSupportModulesInManaged (11ms)
				SetLoadedEditorAssemblies (1ms)
				RefreshPlugins (1ms)
				BeforeProcessingInitializeOnLoad (119ms)
				ProcessInitializeOnLoadAttributes (256ms)
				ProcessInitializeOnLoadMethodAttributes (791ms)
				AfterProcessingInitializeOnLoad (11ms)
				EditorAssembliesLoaded (0ms)
			ExecutionOrderSort2 (0ms)
			AwakeInstancesAfterBackupRestoration (10ms)
Platform modules already initialized, skipping
Refreshing native plugins compatible for Editor in 0.54 ms, found 2 plugins.
Preloading 0 native plugins for Editor in 0.00 ms.
Unloading 1528 Unused Serialized files (Serialized files now loaded: 0)
System memory in use before: 72.6 MB.
System memory in use after: 72.7 MB.

Unloading 16 unused Assets to reduce memory usage. Loaded Objects now: 2040.
Total: 6.882100 ms (FindLiveObjects: 0.253600 ms CreateObjectMapping: 0.070100 ms MarkObjects: 6.519600 ms  DeleteObjects: 0.036300 ms)

AssetImportParameters requested are different than current active one (requested -> active):
  custom:framework-win-MediaFoundation: 216162199b28c13a410421893ffa2e32 -> 
  custom:video-decoder-ogg-theora: a1e56fd34408186e4bbccfd4996cb3dc -> 
  custom:container-muxer-webm: aa71ff27fc2769a1b78a27578f13a17b -> 
  custom:container-demuxer-webm: 4f35f7cbe854078d1ac9338744f61a02 -> 
  custom:container-demuxer-ogg: 62fdf1f143b41e24485cea50d1cbac27 -> 
  custom:video-encoder-webm-vp8: eb34c28f22e8b96e1ab97ce403110664 -> 
  custom:video-decoder-webm-vp8: 9c59270c3fd7afecdb556c50c9e8de78 -> 
  custom:audio-decoder-ogg-vorbis: bf7c407c2cedff20999df2af8eb42d56 -> 
  custom:audio-encoder-webm-vorbis: bf7c407c2cedff20999df2af8eb42d56 -> 
========================================================================
Received Import Request.
  Time since last request: 649.191414 seconds.
  path: Assets/Wander.asset
  artifactKey: Guid(07d6ca06c6646c746a4f2da0e271bad9) Importer(815301076,1909f56bfc062723c751e8b465ee728b)
Start importing Assets/Wander.asset using Guid(07d6ca06c6646c746a4f2da0e271bad9) Importer(815301076,1909f56bfc062723c751e8b465ee728b)  -> (artifact id: '3cdbcd504d1db34731a39bd0c6412517') in 0.393319 seconds 
  Import took 0.516181 seconds .

AssetImportWorkerClient::OnTransportError - code=2 error=End of file
